-------------------------------------------------------------------------------
Test set: org.example.CalcTest
-------------------------------------------------------------------------------
Tests run: 2, Failures: 1, Errors: 0, Skipped: 0, Time elapsed: 0.02 s <<< FAILURE! - in org.example.CalcTest
testSubtraction  Time elapsed: 0.007 s  <<< FAILURE!
org.opentest4j.AssertionFailedError: expected: <4> but was: <12>
	at org.example.CalcTest.testSubtraction(CalcTest.java:15)

